This is XeTeX, Version 3.14159265-2.6-0.99996 (TeX Live 2016) (preloaded format=xelatex)
 restricted \write18 enabled.
entering extended mode
(./MPXochicale-2017.tex
LaTeX2e <2017/01/01> patch level 1
Babel <3.9r> and hyphenation patterns for 83 language(s) loaded.
(/usr/local/texlive/2016/texmf-dist/tex/latex/base/article.cls
Document Class: article 2014/09/29 v1.4h Standard LaTeX document class
(/usr/local/texlive/2016/texmf-dist/tex/latex/base/size10.clo))
(/usr/local/texlive/2016/texmf-dist/tex/latex/marginnote/marginnote.sty)
(/usr/local/texlive/2016/texmf-dist/tex/latex/graphics/graphicx.sty
(/usr/local/texlive/2016/texmf-dist/tex/latex/graphics/keyval.sty)
(/usr/local/texlive/2016/texmf-dist/tex/latex/graphics/graphics.sty
(/usr/local/texlive/2016/texmf-dist/tex/latex/graphics/trig.sty)
(/usr/local/texlive/2016/texmf-dist/tex/latex/graphics-cfg/graphics.cfg)
(/usr/local/texlive/2016/texmf-dist/tex/latex/graphics-def/xetex.def)))
(/usr/local/texlive/2016/texmf-dist/tex/latex/xcolor/xcolor.sty
(/usr/local/texlive/2016/texmf-dist/tex/latex/graphics-cfg/color.cfg))
(/usr/local/texlive/2016/texmf-dist/tex/latex/preprint/authblk.sty)
(/usr/local/texlive/2016/texmf-dist/tex/latex/etoolbox/etoolbox.sty)
(/usr/local/texlive/2016/texmf-dist/tex/latex/titlesec/titlesec.sty)
(/usr/local/texlive/2016/texmf-dist/tex/latex/tools/calc.sty)
(/usr/local/texlive/2016/texmf-dist/tex/latex/hyperref/hyperref.sty
(/usr/local/texlive/2016/texmf-dist/tex/generic/oberdiek/hobsub-hyperref.sty
(/usr/local/texlive/2016/texmf-dist/tex/generic/oberdiek/hobsub-generic.sty))
(/usr/local/texlive/2016/texmf-dist/tex/generic/ifxetex/ifxetex.sty)
(/usr/local/texlive/2016/texmf-dist/tex/latex/oberdiek/auxhook.sty)
(/usr/local/texlive/2016/texmf-dist/tex/latex/oberdiek/kvoptions.sty)
(/usr/local/texlive/2016/texmf-dist/tex/latex/hyperref/pd1enc.def)
(/usr/local/texlive/2016/texmf-dist/tex/latex/latexconfig/hyperref.cfg)
(/usr/local/texlive/2016/texmf-dist/tex/latex/url/url.sty))

Package hyperref Message: Driver (autodetected): hxetex.

(/usr/local/texlive/2016/texmf-dist/tex/latex/hyperref/hxetex.def
(/usr/local/texlive/2016/texmf-dist/tex/latex/hyperref/puenc.def)
(/usr/local/texlive/2016/texmf-dist/tex/generic/oberdiek/stringenc.sty)
(/usr/local/texlive/2016/texmf-dist/tex/latex/oberdiek/rerunfilecheck.sty))

Package hyperref Warning: Option `bookmarks' has already been used,
(hyperref)                setting the option has no effect on input line 25.

(/usr/local/texlive/2016/texmf-dist/tex/generic/oberdiek/se-ascii-print.def)
(/usr/local/texlive/2016/texmf-dist/tex/latex/tcolorbox/tcolorbox.sty
(/usr/local/texlive/2016/texmf-dist/tex/latex/pgf/basiclayer/pgf.sty
(/usr/local/texlive/2016/texmf-dist/tex/latex/pgf/utilities/pgfrcs.sty
(/usr/local/texlive/2016/texmf-dist/tex/generic/pgf/utilities/pgfutil-common.te
x
(/usr/local/texlive/2016/texmf-dist/tex/generic/pgf/utilities/pgfutil-common-li
sts.tex))
(/usr/local/texlive/2016/texmf-dist/tex/generic/pgf/utilities/pgfutil-latex.def
(/usr/local/texlive/2016/texmf-dist/tex/latex/ms/everyshi.sty))
(/usr/local/texlive/2016/texmf-dist/tex/generic/pgf/utilities/pgfrcs.code.tex))
(/usr/local/texlive/2016/texmf-dist/tex/latex/pgf/basiclayer/pgfcore.sty
(/usr/local/texlive/2016/texmf-dist/tex/latex/pgf/systemlayer/pgfsys.sty
(/usr/local/texlive/2016/texmf-dist/tex/generic/pgf/systemlayer/pgfsys.code.tex
(/usr/local/texlive/2016/texmf-dist/tex/generic/pgf/utilities/pgfkeys.code.tex
(/usr/local/texlive/2016/texmf-dist/tex/generic/pgf/utilities/pgfkeysfiltered.c
ode.tex))
(/usr/local/texlive/2016/texmf-dist/tex/generic/pgf/systemlayer/pgf.cfg)
(/usr/local/texlive/2016/texmf-dist/tex/generic/pgf/systemlayer/pgfsys-xetex.de
f
(/usr/local/texlive/2016/texmf-dist/tex/generic/pgf/systemlayer/pgfsys-dvipdfmx
.def
(/usr/local/texlive/2016/texmf-dist/tex/generic/pgf/systemlayer/pgfsys-common-p
df.def))))
(/usr/local/texlive/2016/texmf-dist/tex/generic/pgf/systemlayer/pgfsyssoftpath.
code.tex)
(/usr/local/texlive/2016/texmf-dist/tex/generic/pgf/systemlayer/pgfsysprotocol.
code.tex))
(/usr/local/texlive/2016/texmf-dist/tex/generic/pgf/basiclayer/pgfcore.code.tex
(/usr/local/texlive/2016/texmf-dist/tex/generic/pgf/math/pgfmath.code.tex
(/usr/local/texlive/2016/texmf-dist/tex/generic/pgf/math/pgfmathcalc.code.tex
(/usr/local/texlive/2016/texmf-dist/tex/generic/pgf/math/pgfmathutil.code.tex)
(/usr/local/texlive/2016/texmf-dist/tex/generic/pgf/math/pgfmathparser.code.tex
)
(/usr/local/texlive/2016/texmf-dist/tex/generic/pgf/math/pgfmathfunctions.code.
tex
(/usr/local/texlive/2016/texmf-dist/tex/generic/pgf/math/pgfmathfunctions.basic
.code.tex)
(/usr/local/texlive/2016/texmf-dist/tex/generic/pgf/math/pgfmathfunctions.trigo
nometric.code.tex)
(/usr/local/texlive/2016/texmf-dist/tex/generic/pgf/math/pgfmathfunctions.rando
m.code.tex)
(/usr/local/texlive/2016/texmf-dist/tex/generic/pgf/math/pgfmathfunctions.compa
rison.code.tex)
(/usr/local/texlive/2016/texmf-dist/tex/generic/pgf/math/pgfmathfunctions.base.
code.tex)
(/usr/local/texlive/2016/texmf-dist/tex/generic/pgf/math/pgfmathfunctions.round
.code.tex)
(/usr/local/texlive/2016/texmf-dist/tex/generic/pgf/math/pgfmathfunctions.misc.
code.tex)
(/usr/local/texlive/2016/texmf-dist/tex/generic/pgf/math/pgfmathfunctions.integ
erarithmetics.code.tex)))
(/usr/local/texlive/2016/texmf-dist/tex/generic/pgf/math/pgfmathfloat.code.tex)
)
(/usr/local/texlive/2016/texmf-dist/tex/generic/pgf/basiclayer/pgfcorepoints.co
de.tex)
(/usr/local/texlive/2016/texmf-dist/tex/generic/pgf/basiclayer/pgfcorepathconst
ruct.code.tex)
(/usr/local/texlive/2016/texmf-dist/tex/generic/pgf/basiclayer/pgfcorepathusage
.code.tex)
(/usr/local/texlive/2016/texmf-dist/tex/generic/pgf/basiclayer/pgfcorescopes.co
de.tex)
(/usr/local/texlive/2016/texmf-dist/tex/generic/pgf/basiclayer/pgfcoregraphicst
ate.code.tex)
(/usr/local/texlive/2016/texmf-dist/tex/generic/pgf/basiclayer/pgfcoretransform
ations.code.tex)
(/usr/local/texlive/2016/texmf-dist/tex/generic/pgf/basiclayer/pgfcorequick.cod
e.tex)
(/usr/local/texlive/2016/texmf-dist/tex/generic/pgf/basiclayer/pgfcoreobjects.c
ode.tex)
(/usr/local/texlive/2016/texmf-dist/tex/generic/pgf/basiclayer/pgfcorepathproce
ssing.code.tex)
(/usr/local/texlive/2016/texmf-dist/tex/generic/pgf/basiclayer/pgfcorearrows.co
de.tex)
(/usr/local/texlive/2016/texmf-dist/tex/generic/pgf/basiclayer/pgfcoreshade.cod
e.tex)
(/usr/local/texlive/2016/texmf-dist/tex/generic/pgf/basiclayer/pgfcoreimage.cod
e.tex
(/usr/local/texlive/2016/texmf-dist/tex/generic/pgf/basiclayer/pgfcoreexternal.
code.tex))
(/usr/local/texlive/2016/texmf-dist/tex/generic/pgf/basiclayer/pgfcorelayers.co
de.tex)
(/usr/local/texlive/2016/texmf-dist/tex/generic/pgf/basiclayer/pgfcoretranspare
ncy.code.tex)
(/usr/local/texlive/2016/texmf-dist/tex/generic/pgf/basiclayer/pgfcorepatterns.
code.tex)))
(/usr/local/texlive/2016/texmf-dist/tex/generic/pgf/modules/pgfmoduleshapes.cod
e.tex)
(/usr/local/texlive/2016/texmf-dist/tex/generic/pgf/modules/pgfmoduleplot.code.
tex)
(/usr/local/texlive/2016/texmf-dist/tex/latex/pgf/compatibility/pgfcomp-version
-0-65.sty)
(/usr/local/texlive/2016/texmf-dist/tex/latex/pgf/compatibility/pgfcomp-version
-1-18.sty)) (/usr/local/texlive/2016/texmf-dist/tex/latex/tools/verbatim.sty)
(/usr/local/texlive/2016/texmf-dist/tex/latex/environ/environ.sty
(/usr/local/texlive/2016/texmf-dist/tex/latex/trimspaces/trimspaces.sty)))
(/usr/local/texlive/2016/texmf-dist/tex/latex/ms/ragged2e.sty
(/usr/local/texlive/2016/texmf-dist/tex/latex/ms/everysel.sty))
(/usr/local/texlive/2016/texmf-dist/tex/latex/fontspec/fontspec.sty
(/usr/local/texlive/2016/texmf-dist/tex/latex/l3kernel/expl3.sty
(/usr/local/texlive/2016/texmf-dist/tex/latex/l3kernel/expl3-code.tex)
(/usr/local/texlive/2016/texmf-dist/tex/latex/l3kernel/l3xdvipdfmx.def))
(/usr/local/texlive/2016/texmf-dist/tex/latex/l3packages/xparse/xparse.sty)
(/usr/local/texlive/2016/texmf-dist/tex/latex/fontspec/fontspec-xetex.sty
(/usr/local/texlive/2016/texmf-dist/tex/latex/base/fontenc.sty
(/usr/local/texlive/2016/texmf-dist/tex/latex/base/tuenc.def))
(/usr/local/texlive/2016/texmf-dist/tex/latex/fontspec/fontspec.cfg)))
(/usr/local/texlive/2016/texmf-dist/tex/latex/fontawesome/fontawesome.sty
(/usr/local/texlive/2016/texmf-dist/tex/latex/fontawesome/fontawesomesymbols-ge
neric.tex)
(/usr/local/texlive/2016/texmf-dist/tex/latex/fontawesome/fontawesomesymbols-xe
luatex.tex)) (/usr/local/texlive/2016/texmf-dist/tex/latex/caption/caption.sty
(/usr/local/texlive/2016/texmf-dist/tex/latex/caption/caption3.sty))
(/usr/local/texlive/2016/texmf-dist/tex/latex/listings/listings.sty
(/usr/local/texlive/2016/texmf-dist/tex/latex/listings/lstmisc.sty)
(/usr/local/texlive/2016/texmf-dist/tex/latex/listings/listings.cfg))
(/usr/local/texlive/2016/texmf-dist/tex/latex/tools/longtable.sty)
(/usr/local/texlive/2016/texmf-dist/tex/latex/booktabs/booktabs.sty)
(/usr/local/texlive/2016/texmf-dist/tex/latex/biblatex/biblatex.sty
(/usr/local/texlive/2016/texmf-dist/tex/latex/logreq/logreq.sty
(/usr/local/texlive/2016/texmf-dist/tex/latex/logreq/logreq.def))
(/usr/local/texlive/2016/texmf-dist/tex/latex/base/ifthen.sty)
(/usr/local/texlive/2016/texmf-dist/tex/generic/xstring/xstring.sty
(/usr/local/texlive/2016/texmf-dist/tex/generic/xstring/xstring.tex))
(/usr/local/texlive/2016/texmf-dist/tex/latex/biblatex/blx-dm.def)
(/usr/local/texlive/2016/texmf-dist/tex/latex/biblatex/blx-compat.def)
(/usr/local/texlive/2016/texmf-dist/tex/latex/biblatex/biblatex.def)
(/usr/local/texlive/2016/texmf-dist/tex/latex/biblatex/bbx/numeric.bbx
(/usr/local/texlive/2016/texmf-dist/tex/latex/biblatex/bbx/standard.bbx))
(/usr/local/texlive/2016/texmf-dist/tex/latex/biblatex/cbx/numeric.cbx)
(/usr/local/texlive/2016/texmf-dist/tex/latex/biblatex/biblatex.cfg))
(/usr/local/texlive/2016/texmf-dist/tex/latex/geometry/geometry.sty)
(/usr/local/texlive/2016/texmf-dist/tex/latex/fancyhdr/fancyhdr.sty)
(/usr/local/texlive/2016/texmf-dist/tex/latex/biblatex/lbx/english.lbx)
No file MPXochicale-2017.aux.
(/usr/local/texlive/2016/texmf-dist/tex/latex/hyperref/nameref.sty
(/usr/local/texlive/2016/texmf-dist/tex/generic/oberdiek/gettitlestring.sty))

Package hyperref Warning: Rerun to get /PageLabels entry.

ABD: EveryShipout initializing macros ABD: EverySelectfont initializing macros
(/usr/local/texlive/2016/texmf-dist/tex/latex/caption/ltcaption.sty)
No file MPXochicale-2017.bbl.
*geometry* driver: auto-detecting
*geometry* detected driver: xetex

Underfull \hbox (badness 10000) in paragraph at lines 212--212


Underfull \hbox (badness 10000) in paragraph at lines 212--212


Underfull \hbox (badness 10000) in paragraph at lines 212--212


LaTeX Font Warning: Font shape `TU/FontAwesome(0)/bx/n' undefined
(Font)              using `TU/FontAwesome(0)/m/n' instead on input line 212.


Overfull \hbox (373.11223pt too wide) detected at line 272
 [] 

Underfull \hbox (badness 10000) in alignment at lines 271--276
[] [] [] [] [] []

Underfull \hbox (badness 10000) in alignment at lines 276--280
[] [] [] [] [] []

Underfull \hbox (badness 10000) in alignment at lines 280--288
[] [] [] [] [] []
<use  "rescience-logo.pdf" > [1]

Package longtable Warning: Column widths have changed
(longtable)                in table 1 on input line 288.


LaTeX Warning: Reference `tbl:table' on page 2 undefined on input line 290.


LaTeX Warning: Reference `fig:logo' on page 2 undefined on input line 291.


LaTeX Warning: Reference `eq:1' on page 2 undefined on input line 291.


LaTeX Warning: Citation 'markdown' on page 2 undefined on input line 292.

<use  "rescience-logo.pdf" >

LaTeX Warning: Empty bibliography on input line 303.

<use  "rescience-logo.pdf" > [2]

Package longtable Warning: Table widths have changed. Rerun LaTeX.

(./MPXochicale-2017.aux)

LaTeX Font Warning: Some font shapes were not available, defaults substituted.


LaTeX Warning: There were undefined references.


LaTeX Warning: Label(s) may have changed. Rerun to get cross-references right.


Package biblatex Warning: Please (re)run Biber on the file:
(biblatex)                MPXochicale-2017
(biblatex)                and rerun LaTeX afterwards.

 )
(see the transcript file for additional information)
Output written on MPXochicale-2017.pdf (2 pages).
Transcript written on MPXochicale-2017.log.
INFO - This is Biber 2.7
INFO - Logfile is 'MPXochicale-2017.blg'
INFO - Reading 'MPXochicale-2017.bcf'
INFO - Found 1 citekeys in bib section 0
INFO - Processing section 0
INFO - Looking for bibtex format file 'bibliography.bib' for section 0
INFO - Decoding LaTeX character macros into UTF-8
INFO - Found BibTeX data source 'bibliography.bib'
INFO - Overriding locale 'en-US' defaults 'variable = shifted' with 'variable = non-ignorable'
INFO - Overriding locale 'en-US' defaults 'normalization = NFD' with 'normalization = prenormalized'
INFO - Sorting list 'nty/global/' of type 'entry' with scheme 'nty' and locale 'en-US'
INFO - No sort tailoring available for locale 'en-US'
INFO - Writing 'MPXochicale-2017.bbl' with encoding 'UTF-8'
INFO - Output to MPXochicale-2017.bbl
This is XeTeX, Version 3.14159265-2.6-0.99996 (TeX Live 2016) (preloaded format=xelatex)
 restricted \write18 enabled.
entering extended mode
(./MPXochicale-2017.tex
LaTeX2e <2017/01/01> patch level 1
Babel <3.9r> and hyphenation patterns for 83 language(s) loaded.
(/usr/local/texlive/2016/texmf-dist/tex/latex/base/article.cls
Document Class: article 2014/09/29 v1.4h Standard LaTeX document class
(/usr/local/texlive/2016/texmf-dist/tex/latex/base/size10.clo))
(/usr/local/texlive/2016/texmf-dist/tex/latex/marginnote/marginnote.sty)
(/usr/local/texlive/2016/texmf-dist/tex/latex/graphics/graphicx.sty
(/usr/local/texlive/2016/texmf-dist/tex/latex/graphics/keyval.sty)
(/usr/local/texlive/2016/texmf-dist/tex/latex/graphics/graphics.sty
(/usr/local/texlive/2016/texmf-dist/tex/latex/graphics/trig.sty)
(/usr/local/texlive/2016/texmf-dist/tex/latex/graphics-cfg/graphics.cfg)
(/usr/local/texlive/2016/texmf-dist/tex/latex/graphics-def/xetex.def)))
(/usr/local/texlive/2016/texmf-dist/tex/latex/xcolor/xcolor.sty
(/usr/local/texlive/2016/texmf-dist/tex/latex/graphics-cfg/color.cfg))
(/usr/local/texlive/2016/texmf-dist/tex/latex/preprint/authblk.sty)
(/usr/local/texlive/2016/texmf-dist/tex/latex/etoolbox/etoolbox.sty)
(/usr/local/texlive/2016/texmf-dist/tex/latex/titlesec/titlesec.sty)
(/usr/local/texlive/2016/texmf-dist/tex/latex/tools/calc.sty)
(/usr/local/texlive/2016/texmf-dist/tex/latex/hyperref/hyperref.sty
(/usr/local/texlive/2016/texmf-dist/tex/generic/oberdiek/hobsub-hyperref.sty
(/usr/local/texlive/2016/texmf-dist/tex/generic/oberdiek/hobsub-generic.sty))
(/usr/local/texlive/2016/texmf-dist/tex/generic/ifxetex/ifxetex.sty)
(/usr/local/texlive/2016/texmf-dist/tex/latex/oberdiek/auxhook.sty)
(/usr/local/texlive/2016/texmf-dist/tex/latex/oberdiek/kvoptions.sty)
(/usr/local/texlive/2016/texmf-dist/tex/latex/hyperref/pd1enc.def)
(/usr/local/texlive/2016/texmf-dist/tex/latex/latexconfig/hyperref.cfg)
(/usr/local/texlive/2016/texmf-dist/tex/latex/url/url.sty))

Package hyperref Message: Driver (autodetected): hxetex.

(/usr/local/texlive/2016/texmf-dist/tex/latex/hyperref/hxetex.def
(/usr/local/texlive/2016/texmf-dist/tex/latex/hyperref/puenc.def)
(/usr/local/texlive/2016/texmf-dist/tex/generic/oberdiek/stringenc.sty)
(/usr/local/texlive/2016/texmf-dist/tex/latex/oberdiek/rerunfilecheck.sty))

Package hyperref Warning: Option `bookmarks' has already been used,
(hyperref)                setting the option has no effect on input line 25.

(/usr/local/texlive/2016/texmf-dist/tex/generic/oberdiek/se-ascii-print.def)
(/usr/local/texlive/2016/texmf-dist/tex/latex/tcolorbox/tcolorbox.sty
(/usr/local/texlive/2016/texmf-dist/tex/latex/pgf/basiclayer/pgf.sty
(/usr/local/texlive/2016/texmf-dist/tex/latex/pgf/utilities/pgfrcs.sty
(/usr/local/texlive/2016/texmf-dist/tex/generic/pgf/utilities/pgfutil-common.te
x
(/usr/local/texlive/2016/texmf-dist/tex/generic/pgf/utilities/pgfutil-common-li
sts.tex))
(/usr/local/texlive/2016/texmf-dist/tex/generic/pgf/utilities/pgfutil-latex.def
(/usr/local/texlive/2016/texmf-dist/tex/latex/ms/everyshi.sty))
(/usr/local/texlive/2016/texmf-dist/tex/generic/pgf/utilities/pgfrcs.code.tex))
(/usr/local/texlive/2016/texmf-dist/tex/latex/pgf/basiclayer/pgfcore.sty
(/usr/local/texlive/2016/texmf-dist/tex/latex/pgf/systemlayer/pgfsys.sty
(/usr/local/texlive/2016/texmf-dist/tex/generic/pgf/systemlayer/pgfsys.code.tex
(/usr/local/texlive/2016/texmf-dist/tex/generic/pgf/utilities/pgfkeys.code.tex
(/usr/local/texlive/2016/texmf-dist/tex/generic/pgf/utilities/pgfkeysfiltered.c
ode.tex))
(/usr/local/texlive/2016/texmf-dist/tex/generic/pgf/systemlayer/pgf.cfg)
(/usr/local/texlive/2016/texmf-dist/tex/generic/pgf/systemlayer/pgfsys-xetex.de
f
(/usr/local/texlive/2016/texmf-dist/tex/generic/pgf/systemlayer/pgfsys-dvipdfmx
.def
(/usr/local/texlive/2016/texmf-dist/tex/generic/pgf/systemlayer/pgfsys-common-p
df.def))))
(/usr/local/texlive/2016/texmf-dist/tex/generic/pgf/systemlayer/pgfsyssoftpath.
code.tex)
(/usr/local/texlive/2016/texmf-dist/tex/generic/pgf/systemlayer/pgfsysprotocol.
code.tex))
(/usr/local/texlive/2016/texmf-dist/tex/generic/pgf/basiclayer/pgfcore.code.tex
(/usr/local/texlive/2016/texmf-dist/tex/generic/pgf/math/pgfmath.code.tex
(/usr/local/texlive/2016/texmf-dist/tex/generic/pgf/math/pgfmathcalc.code.tex
(/usr/local/texlive/2016/texmf-dist/tex/generic/pgf/math/pgfmathutil.code.tex)
(/usr/local/texlive/2016/texmf-dist/tex/generic/pgf/math/pgfmathparser.code.tex
)
(/usr/local/texlive/2016/texmf-dist/tex/generic/pgf/math/pgfmathfunctions.code.
tex
(/usr/local/texlive/2016/texmf-dist/tex/generic/pgf/math/pgfmathfunctions.basic
.code.tex)
(/usr/local/texlive/2016/texmf-dist/tex/generic/pgf/math/pgfmathfunctions.trigo
nometric.code.tex)
(/usr/local/texlive/2016/texmf-dist/tex/generic/pgf/math/pgfmathfunctions.rando
m.code.tex)
(/usr/local/texlive/2016/texmf-dist/tex/generic/pgf/math/pgfmathfunctions.compa
rison.code.tex)
(/usr/local/texlive/2016/texmf-dist/tex/generic/pgf/math/pgfmathfunctions.base.
code.tex)
(/usr/local/texlive/2016/texmf-dist/tex/generic/pgf/math/pgfmathfunctions.round
.code.tex)
(/usr/local/texlive/2016/texmf-dist/tex/generic/pgf/math/pgfmathfunctions.misc.
code.tex)
(/usr/local/texlive/2016/texmf-dist/tex/generic/pgf/math/pgfmathfunctions.integ
erarithmetics.code.tex)))
(/usr/local/texlive/2016/texmf-dist/tex/generic/pgf/math/pgfmathfloat.code.tex)
)
(/usr/local/texlive/2016/texmf-dist/tex/generic/pgf/basiclayer/pgfcorepoints.co
de.tex)
(/usr/local/texlive/2016/texmf-dist/tex/generic/pgf/basiclayer/pgfcorepathconst
ruct.code.tex)
(/usr/local/texlive/2016/texmf-dist/tex/generic/pgf/basiclayer/pgfcorepathusage
.code.tex)
(/usr/local/texlive/2016/texmf-dist/tex/generic/pgf/basiclayer/pgfcorescopes.co
de.tex)
(/usr/local/texlive/2016/texmf-dist/tex/generic/pgf/basiclayer/pgfcoregraphicst
ate.code.tex)
(/usr/local/texlive/2016/texmf-dist/tex/generic/pgf/basiclayer/pgfcoretransform
ations.code.tex)
(/usr/local/texlive/2016/texmf-dist/tex/generic/pgf/basiclayer/pgfcorequick.cod
e.tex)
(/usr/local/texlive/2016/texmf-dist/tex/generic/pgf/basiclayer/pgfcoreobjects.c
ode.tex)
(/usr/local/texlive/2016/texmf-dist/tex/generic/pgf/basiclayer/pgfcorepathproce
ssing.code.tex)
(/usr/local/texlive/2016/texmf-dist/tex/generic/pgf/basiclayer/pgfcorearrows.co
de.tex)
(/usr/local/texlive/2016/texmf-dist/tex/generic/pgf/basiclayer/pgfcoreshade.cod
e.tex)
(/usr/local/texlive/2016/texmf-dist/tex/generic/pgf/basiclayer/pgfcoreimage.cod
e.tex
(/usr/local/texlive/2016/texmf-dist/tex/generic/pgf/basiclayer/pgfcoreexternal.
code.tex))
(/usr/local/texlive/2016/texmf-dist/tex/generic/pgf/basiclayer/pgfcorelayers.co
de.tex)
(/usr/local/texlive/2016/texmf-dist/tex/generic/pgf/basiclayer/pgfcoretranspare
ncy.code.tex)
(/usr/local/texlive/2016/texmf-dist/tex/generic/pgf/basiclayer/pgfcorepatterns.
code.tex)))
(/usr/local/texlive/2016/texmf-dist/tex/generic/pgf/modules/pgfmoduleshapes.cod
e.tex)
(/usr/local/texlive/2016/texmf-dist/tex/generic/pgf/modules/pgfmoduleplot.code.
tex)
(/usr/local/texlive/2016/texmf-dist/tex/latex/pgf/compatibility/pgfcomp-version
-0-65.sty)
(/usr/local/texlive/2016/texmf-dist/tex/latex/pgf/compatibility/pgfcomp-version
-1-18.sty)) (/usr/local/texlive/2016/texmf-dist/tex/latex/tools/verbatim.sty)
(/usr/local/texlive/2016/texmf-dist/tex/latex/environ/environ.sty
(/usr/local/texlive/2016/texmf-dist/tex/latex/trimspaces/trimspaces.sty)))
(/usr/local/texlive/2016/texmf-dist/tex/latex/ms/ragged2e.sty
(/usr/local/texlive/2016/texmf-dist/tex/latex/ms/everysel.sty))
(/usr/local/texlive/2016/texmf-dist/tex/latex/fontspec/fontspec.sty
(/usr/local/texlive/2016/texmf-dist/tex/latex/l3kernel/expl3.sty
(/usr/local/texlive/2016/texmf-dist/tex/latex/l3kernel/expl3-code.tex)
(/usr/local/texlive/2016/texmf-dist/tex/latex/l3kernel/l3xdvipdfmx.def))
(/usr/local/texlive/2016/texmf-dist/tex/latex/l3packages/xparse/xparse.sty)
(/usr/local/texlive/2016/texmf-dist/tex/latex/fontspec/fontspec-xetex.sty
(/usr/local/texlive/2016/texmf-dist/tex/latex/base/fontenc.sty
(/usr/local/texlive/2016/texmf-dist/tex/latex/base/tuenc.def))
(/usr/local/texlive/2016/texmf-dist/tex/latex/fontspec/fontspec.cfg)))
(/usr/local/texlive/2016/texmf-dist/tex/latex/fontawesome/fontawesome.sty
(/usr/local/texlive/2016/texmf-dist/tex/latex/fontawesome/fontawesomesymbols-ge
neric.tex)
(/usr/local/texlive/2016/texmf-dist/tex/latex/fontawesome/fontawesomesymbols-xe
luatex.tex)) (/usr/local/texlive/2016/texmf-dist/tex/latex/caption/caption.sty
(/usr/local/texlive/2016/texmf-dist/tex/latex/caption/caption3.sty))
(/usr/local/texlive/2016/texmf-dist/tex/latex/listings/listings.sty
(/usr/local/texlive/2016/texmf-dist/tex/latex/listings/lstmisc.sty)
(/usr/local/texlive/2016/texmf-dist/tex/latex/listings/listings.cfg))
(/usr/local/texlive/2016/texmf-dist/tex/latex/tools/longtable.sty)
(/usr/local/texlive/2016/texmf-dist/tex/latex/booktabs/booktabs.sty)
(/usr/local/texlive/2016/texmf-dist/tex/latex/biblatex/biblatex.sty
(/usr/local/texlive/2016/texmf-dist/tex/latex/logreq/logreq.sty
(/usr/local/texlive/2016/texmf-dist/tex/latex/logreq/logreq.def))
(/usr/local/texlive/2016/texmf-dist/tex/latex/base/ifthen.sty)
(/usr/local/texlive/2016/texmf-dist/tex/generic/xstring/xstring.sty
(/usr/local/texlive/2016/texmf-dist/tex/generic/xstring/xstring.tex))
(/usr/local/texlive/2016/texmf-dist/tex/latex/biblatex/blx-dm.def)
(/usr/local/texlive/2016/texmf-dist/tex/latex/biblatex/blx-compat.def)
(/usr/local/texlive/2016/texmf-dist/tex/latex/biblatex/biblatex.def)
(/usr/local/texlive/2016/texmf-dist/tex/latex/biblatex/bbx/numeric.bbx
(/usr/local/texlive/2016/texmf-dist/tex/latex/biblatex/bbx/standard.bbx))
(/usr/local/texlive/2016/texmf-dist/tex/latex/biblatex/cbx/numeric.cbx)
(/usr/local/texlive/2016/texmf-dist/tex/latex/biblatex/biblatex.cfg))
(/usr/local/texlive/2016/texmf-dist/tex/latex/geometry/geometry.sty)
(/usr/local/texlive/2016/texmf-dist/tex/latex/fancyhdr/fancyhdr.sty)
(/usr/local/texlive/2016/texmf-dist/tex/latex/biblatex/lbx/english.lbx)
(./MPXochicale-2017.aux)
(/usr/local/texlive/2016/texmf-dist/tex/latex/hyperref/nameref.sty
(/usr/local/texlive/2016/texmf-dist/tex/generic/oberdiek/gettitlestring.sty))
(./MPXochicale-2017.out) (./MPXochicale-2017.out)
ABD: EveryShipout initializing macros ABD: EverySelectfont initializing macros
(/usr/local/texlive/2016/texmf-dist/tex/latex/caption/ltcaption.sty)
(./MPXochicale-2017.bbl)
*geometry* driver: auto-detecting
*geometry* detected driver: xetex

Underfull \hbox (badness 10000) in paragraph at lines 212--212


Underfull \hbox (badness 10000) in paragraph at lines 212--212


Underfull \hbox (badness 10000) in paragraph at lines 212--212


LaTeX Font Warning: Font shape `TU/FontAwesome(0)/bx/n' undefined
(Font)              using `TU/FontAwesome(0)/m/n' instead on input line 212.


Overfull \hbox (373.11223pt too wide) detected at line 272
 [] 

Underfull \hbox (badness 10000) in alignment at lines 271--276
[] [] [] [] [] []

Underfull \hbox (badness 10000) in alignment at lines 276--280
[] [] [] [] [] []

Underfull \hbox (badness 10000) in alignment at lines 280--288
[] [] [] [] [] []
<use  "rescience-logo.pdf" > [1] <use  "rescience-logo.pdf" >

LaTeX Font Warning: Font shape `TU/lmss/m/sc' in size <9> not available
(Font)              Font shape `TU/lmr/m/sc' tried instead on input line 303.

<use  "rescience-logo.pdf" > [2] (./MPXochicale-2017.aux)

LaTeX Font Warning: Some font shapes were not available, defaults substituted.


LaTeX Warning: There were undefined references.


Package biblatex Warning: Please rerun LaTeX.

 )
(see the transcript file for additional information)
Output written on MPXochicale-2017.pdf (2 pages).
Transcript written on MPXochicale-2017.log.
This is XeTeX, Version 3.14159265-2.6-0.99996 (TeX Live 2016) (preloaded format=xelatex)
 restricted \write18 enabled.
entering extended mode
(./MPXochicale-2017.tex
LaTeX2e <2017/01/01> patch level 1
Babel <3.9r> and hyphenation patterns for 83 language(s) loaded.
(/usr/local/texlive/2016/texmf-dist/tex/latex/base/article.cls
Document Class: article 2014/09/29 v1.4h Standard LaTeX document class
(/usr/local/texlive/2016/texmf-dist/tex/latex/base/size10.clo))
(/usr/local/texlive/2016/texmf-dist/tex/latex/marginnote/marginnote.sty)
(/usr/local/texlive/2016/texmf-dist/tex/latex/graphics/graphicx.sty
(/usr/local/texlive/2016/texmf-dist/tex/latex/graphics/keyval.sty)
(/usr/local/texlive/2016/texmf-dist/tex/latex/graphics/graphics.sty
(/usr/local/texlive/2016/texmf-dist/tex/latex/graphics/trig.sty)
(/usr/local/texlive/2016/texmf-dist/tex/latex/graphics-cfg/graphics.cfg)
(/usr/local/texlive/2016/texmf-dist/tex/latex/graphics-def/xetex.def)))
(/usr/local/texlive/2016/texmf-dist/tex/latex/xcolor/xcolor.sty
(/usr/local/texlive/2016/texmf-dist/tex/latex/graphics-cfg/color.cfg))
(/usr/local/texlive/2016/texmf-dist/tex/latex/preprint/authblk.sty)
(/usr/local/texlive/2016/texmf-dist/tex/latex/etoolbox/etoolbox.sty)
(/usr/local/texlive/2016/texmf-dist/tex/latex/titlesec/titlesec.sty)
(/usr/local/texlive/2016/texmf-dist/tex/latex/tools/calc.sty)
(/usr/local/texlive/2016/texmf-dist/tex/latex/hyperref/hyperref.sty
(/usr/local/texlive/2016/texmf-dist/tex/generic/oberdiek/hobsub-hyperref.sty
(/usr/local/texlive/2016/texmf-dist/tex/generic/oberdiek/hobsub-generic.sty))
(/usr/local/texlive/2016/texmf-dist/tex/generic/ifxetex/ifxetex.sty)
(/usr/local/texlive/2016/texmf-dist/tex/latex/oberdiek/auxhook.sty)
(/usr/local/texlive/2016/texmf-dist/tex/latex/oberdiek/kvoptions.sty)
(/usr/local/texlive/2016/texmf-dist/tex/latex/hyperref/pd1enc.def)
(/usr/local/texlive/2016/texmf-dist/tex/latex/latexconfig/hyperref.cfg)
(/usr/local/texlive/2016/texmf-dist/tex/latex/url/url.sty))

Package hyperref Message: Driver (autodetected): hxetex.

(/usr/local/texlive/2016/texmf-dist/tex/latex/hyperref/hxetex.def
(/usr/local/texlive/2016/texmf-dist/tex/latex/hyperref/puenc.def)
(/usr/local/texlive/2016/texmf-dist/tex/generic/oberdiek/stringenc.sty)
(/usr/local/texlive/2016/texmf-dist/tex/latex/oberdiek/rerunfilecheck.sty))

Package hyperref Warning: Option `bookmarks' has already been used,
(hyperref)                setting the option has no effect on input line 25.

(/usr/local/texlive/2016/texmf-dist/tex/generic/oberdiek/se-ascii-print.def)
(/usr/local/texlive/2016/texmf-dist/tex/latex/tcolorbox/tcolorbox.sty
(/usr/local/texlive/2016/texmf-dist/tex/latex/pgf/basiclayer/pgf.sty
(/usr/local/texlive/2016/texmf-dist/tex/latex/pgf/utilities/pgfrcs.sty
(/usr/local/texlive/2016/texmf-dist/tex/generic/pgf/utilities/pgfutil-common.te
x
(/usr/local/texlive/2016/texmf-dist/tex/generic/pgf/utilities/pgfutil-common-li
sts.tex))
(/usr/local/texlive/2016/texmf-dist/tex/generic/pgf/utilities/pgfutil-latex.def
(/usr/local/texlive/2016/texmf-dist/tex/latex/ms/everyshi.sty))
(/usr/local/texlive/2016/texmf-dist/tex/generic/pgf/utilities/pgfrcs.code.tex))
(/usr/local/texlive/2016/texmf-dist/tex/latex/pgf/basiclayer/pgfcore.sty
(/usr/local/texlive/2016/texmf-dist/tex/latex/pgf/systemlayer/pgfsys.sty
(/usr/local/texlive/2016/texmf-dist/tex/generic/pgf/systemlayer/pgfsys.code.tex
(/usr/local/texlive/2016/texmf-dist/tex/generic/pgf/utilities/pgfkeys.code.tex
(/usr/local/texlive/2016/texmf-dist/tex/generic/pgf/utilities/pgfkeysfiltered.c
ode.tex))
(/usr/local/texlive/2016/texmf-dist/tex/generic/pgf/systemlayer/pgf.cfg)
(/usr/local/texlive/2016/texmf-dist/tex/generic/pgf/systemlayer/pgfsys-xetex.de
f
(/usr/local/texlive/2016/texmf-dist/tex/generic/pgf/systemlayer/pgfsys-dvipdfmx
.def
(/usr/local/texlive/2016/texmf-dist/tex/generic/pgf/systemlayer/pgfsys-common-p
df.def))))
(/usr/local/texlive/2016/texmf-dist/tex/generic/pgf/systemlayer/pgfsyssoftpath.
code.tex)
(/usr/local/texlive/2016/texmf-dist/tex/generic/pgf/systemlayer/pgfsysprotocol.
code.tex))
(/usr/local/texlive/2016/texmf-dist/tex/generic/pgf/basiclayer/pgfcore.code.tex
(/usr/local/texlive/2016/texmf-dist/tex/generic/pgf/math/pgfmath.code.tex
(/usr/local/texlive/2016/texmf-dist/tex/generic/pgf/math/pgfmathcalc.code.tex
(/usr/local/texlive/2016/texmf-dist/tex/generic/pgf/math/pgfmathutil.code.tex)
(/usr/local/texlive/2016/texmf-dist/tex/generic/pgf/math/pgfmathparser.code.tex
)
(/usr/local/texlive/2016/texmf-dist/tex/generic/pgf/math/pgfmathfunctions.code.
tex
(/usr/local/texlive/2016/texmf-dist/tex/generic/pgf/math/pgfmathfunctions.basic
.code.tex)
(/usr/local/texlive/2016/texmf-dist/tex/generic/pgf/math/pgfmathfunctions.trigo
nometric.code.tex)
(/usr/local/texlive/2016/texmf-dist/tex/generic/pgf/math/pgfmathfunctions.rando
m.code.tex)
(/usr/local/texlive/2016/texmf-dist/tex/generic/pgf/math/pgfmathfunctions.compa
rison.code.tex)
(/usr/local/texlive/2016/texmf-dist/tex/generic/pgf/math/pgfmathfunctions.base.
code.tex)
(/usr/local/texlive/2016/texmf-dist/tex/generic/pgf/math/pgfmathfunctions.round
.code.tex)
(/usr/local/texlive/2016/texmf-dist/tex/generic/pgf/math/pgfmathfunctions.misc.
code.tex)
(/usr/local/texlive/2016/texmf-dist/tex/generic/pgf/math/pgfmathfunctions.integ
erarithmetics.code.tex)))
(/usr/local/texlive/2016/texmf-dist/tex/generic/pgf/math/pgfmathfloat.code.tex)
)
(/usr/local/texlive/2016/texmf-dist/tex/generic/pgf/basiclayer/pgfcorepoints.co
de.tex)
(/usr/local/texlive/2016/texmf-dist/tex/generic/pgf/basiclayer/pgfcorepathconst
ruct.code.tex)
(/usr/local/texlive/2016/texmf-dist/tex/generic/pgf/basiclayer/pgfcorepathusage
.code.tex)
(/usr/local/texlive/2016/texmf-dist/tex/generic/pgf/basiclayer/pgfcorescopes.co
de.tex)
(/usr/local/texlive/2016/texmf-dist/tex/generic/pgf/basiclayer/pgfcoregraphicst
ate.code.tex)
(/usr/local/texlive/2016/texmf-dist/tex/generic/pgf/basiclayer/pgfcoretransform
ations.code.tex)
(/usr/local/texlive/2016/texmf-dist/tex/generic/pgf/basiclayer/pgfcorequick.cod
e.tex)
(/usr/local/texlive/2016/texmf-dist/tex/generic/pgf/basiclayer/pgfcoreobjects.c
ode.tex)
(/usr/local/texlive/2016/texmf-dist/tex/generic/pgf/basiclayer/pgfcorepathproce
ssing.code.tex)
(/usr/local/texlive/2016/texmf-dist/tex/generic/pgf/basiclayer/pgfcorearrows.co
de.tex)
(/usr/local/texlive/2016/texmf-dist/tex/generic/pgf/basiclayer/pgfcoreshade.cod
e.tex)
(/usr/local/texlive/2016/texmf-dist/tex/generic/pgf/basiclayer/pgfcoreimage.cod
e.tex
(/usr/local/texlive/2016/texmf-dist/tex/generic/pgf/basiclayer/pgfcoreexternal.
code.tex))
(/usr/local/texlive/2016/texmf-dist/tex/generic/pgf/basiclayer/pgfcorelayers.co
de.tex)
(/usr/local/texlive/2016/texmf-dist/tex/generic/pgf/basiclayer/pgfcoretranspare
ncy.code.tex)
(/usr/local/texlive/2016/texmf-dist/tex/generic/pgf/basiclayer/pgfcorepatterns.
code.tex)))
(/usr/local/texlive/2016/texmf-dist/tex/generic/pgf/modules/pgfmoduleshapes.cod
e.tex)
(/usr/local/texlive/2016/texmf-dist/tex/generic/pgf/modules/pgfmoduleplot.code.
tex)
(/usr/local/texlive/2016/texmf-dist/tex/latex/pgf/compatibility/pgfcomp-version
-0-65.sty)
(/usr/local/texlive/2016/texmf-dist/tex/latex/pgf/compatibility/pgfcomp-version
-1-18.sty)) (/usr/local/texlive/2016/texmf-dist/tex/latex/tools/verbatim.sty)
(/usr/local/texlive/2016/texmf-dist/tex/latex/environ/environ.sty
(/usr/local/texlive/2016/texmf-dist/tex/latex/trimspaces/trimspaces.sty)))
(/usr/local/texlive/2016/texmf-dist/tex/latex/ms/ragged2e.sty
(/usr/local/texlive/2016/texmf-dist/tex/latex/ms/everysel.sty))
(/usr/local/texlive/2016/texmf-dist/tex/latex/fontspec/fontspec.sty
(/usr/local/texlive/2016/texmf-dist/tex/latex/l3kernel/expl3.sty
(/usr/local/texlive/2016/texmf-dist/tex/latex/l3kernel/expl3-code.tex)
(/usr/local/texlive/2016/texmf-dist/tex/latex/l3kernel/l3xdvipdfmx.def))
(/usr/local/texlive/2016/texmf-dist/tex/latex/l3packages/xparse/xparse.sty)
(/usr/local/texlive/2016/texmf-dist/tex/latex/fontspec/fontspec-xetex.sty
(/usr/local/texlive/2016/texmf-dist/tex/latex/base/fontenc.sty
(/usr/local/texlive/2016/texmf-dist/tex/latex/base/tuenc.def))
(/usr/local/texlive/2016/texmf-dist/tex/latex/fontspec/fontspec.cfg)))
(/usr/local/texlive/2016/texmf-dist/tex/latex/fontawesome/fontawesome.sty
(/usr/local/texlive/2016/texmf-dist/tex/latex/fontawesome/fontawesomesymbols-ge
neric.tex)
(/usr/local/texlive/2016/texmf-dist/tex/latex/fontawesome/fontawesomesymbols-xe
luatex.tex)) (/usr/local/texlive/2016/texmf-dist/tex/latex/caption/caption.sty
(/usr/local/texlive/2016/texmf-dist/tex/latex/caption/caption3.sty))
(/usr/local/texlive/2016/texmf-dist/tex/latex/listings/listings.sty
(/usr/local/texlive/2016/texmf-dist/tex/latex/listings/lstmisc.sty)
(/usr/local/texlive/2016/texmf-dist/tex/latex/listings/listings.cfg))
(/usr/local/texlive/2016/texmf-dist/tex/latex/tools/longtable.sty)
(/usr/local/texlive/2016/texmf-dist/tex/latex/booktabs/booktabs.sty)
(/usr/local/texlive/2016/texmf-dist/tex/latex/biblatex/biblatex.sty
(/usr/local/texlive/2016/texmf-dist/tex/latex/logreq/logreq.sty
(/usr/local/texlive/2016/texmf-dist/tex/latex/logreq/logreq.def))
(/usr/local/texlive/2016/texmf-dist/tex/latex/base/ifthen.sty)
(/usr/local/texlive/2016/texmf-dist/tex/generic/xstring/xstring.sty
(/usr/local/texlive/2016/texmf-dist/tex/generic/xstring/xstring.tex))
(/usr/local/texlive/2016/texmf-dist/tex/latex/biblatex/blx-dm.def)
(/usr/local/texlive/2016/texmf-dist/tex/latex/biblatex/blx-compat.def)
(/usr/local/texlive/2016/texmf-dist/tex/latex/biblatex/biblatex.def)
(/usr/local/texlive/2016/texmf-dist/tex/latex/biblatex/bbx/numeric.bbx
(/usr/local/texlive/2016/texmf-dist/tex/latex/biblatex/bbx/standard.bbx))
(/usr/local/texlive/2016/texmf-dist/tex/latex/biblatex/cbx/numeric.cbx)
(/usr/local/texlive/2016/texmf-dist/tex/latex/biblatex/biblatex.cfg))
(/usr/local/texlive/2016/texmf-dist/tex/latex/geometry/geometry.sty)
(/usr/local/texlive/2016/texmf-dist/tex/latex/fancyhdr/fancyhdr.sty)
(/usr/local/texlive/2016/texmf-dist/tex/latex/biblatex/lbx/english.lbx)
(./MPXochicale-2017.aux)
(/usr/local/texlive/2016/texmf-dist/tex/latex/hyperref/nameref.sty
(/usr/local/texlive/2016/texmf-dist/tex/generic/oberdiek/gettitlestring.sty))
(./MPXochicale-2017.out) (./MPXochicale-2017.out)
ABD: EveryShipout initializing macros ABD: EverySelectfont initializing macros
(/usr/local/texlive/2016/texmf-dist/tex/latex/caption/ltcaption.sty)
(./MPXochicale-2017.bbl)
*geometry* driver: auto-detecting
*geometry* detected driver: xetex

Underfull \hbox (badness 10000) in paragraph at lines 212--212


Underfull \hbox (badness 10000) in paragraph at lines 212--212


Underfull \hbox (badness 10000) in paragraph at lines 212--212


LaTeX Font Warning: Font shape `TU/FontAwesome(0)/bx/n' undefined
(Font)              using `TU/FontAwesome(0)/m/n' instead on input line 212.


Overfull \hbox (373.11223pt too wide) detected at line 272
 [] 

Underfull \hbox (badness 10000) in alignment at lines 271--276
[] [] [] [] [] []

Underfull \hbox (badness 10000) in alignment at lines 276--280
[] [] [] [] [] []

Underfull \hbox (badness 10000) in alignment at lines 280--288
[] [] [] [] [] []
<use  "rescience-logo.pdf" > [1] <use  "rescience-logo.pdf" >

LaTeX Font Warning: Font shape `TU/lmss/m/sc' in size <9> not available
(Font)              Font shape `TU/lmr/m/sc' tried instead on input line 303.

<use  "rescience-logo.pdf" > [2] (./MPXochicale-2017.aux)

LaTeX Font Warning: Some font shapes were not available, defaults substituted.

 )
(see the transcript file for additional information)
Output written on MPXochicale-2017.pdf (2 pages).
Transcript written on MPXochicale-2017.log.
